<?xml version="1.0" encoding="UTF-8"?>
<!-- Generated by org.testng.reporters.JUnitReportReporter -->
<testsuite hostname="DESKTOP-9OGJC3E" failures="0" tests="5" name="RestAssured_assignment" time="5.615" errors="0" timestamp="2022-05-19T21:18:06 PKT" skipped="0">
  <testcase classname="RestAssured_assignment" name="Del" time="2.476"/>
  <system-out/>
  <testcase classname="RestAssured_assignment" name="patch" time="0.606"/>
  <system-out/>
  <testcase classname="RestAssured_assignment" name="put" time="0.602"/>
  <system-out/>
  <testcase classname="RestAssured_assignment" name="Fetch_User_LIST" time="1.267"/>
  <system-out/>
  <testcase classname="RestAssured_assignment" name="create_employee" time="0.664"/>
  <system-out/>
</testsuite> <!-- RestAssured_assignment -->
